<?xml version="1.0" encoding="UTF-8"?>
<!-- Generated by org.testng.reporters.JUnitXMLReporter -->
<testsuite ignored="0" hostname="NDI-LAP-295" failures="0" tests="4" name="Default test" time="15.759" errors="0" timestamp="2024-08-26T17:34:37 IST">
  <testcase classname="APITest001.Test1" name="getUsers" time="12.924"/>
  <testcase classname="APITest001.Test1" name="createUsers" time="1.545"/>
  <testcase classname="APITest001.Test1" name="deleteUsers" time="0.507"/>
  <testcase classname="APITest001.Test1" name="updateUsers" time="0.603"/>
</testsuite> <!-- Default test -->
