<?xml version="1.0" encoding="UTF-8"?>
<testng-results ignored="0" total="4" passed="4" failed="0" skipped="0">
  <reporter-output>
  </reporter-output>
  <suite started-at="2024-08-26T17:34:21 IST" name="Default suite" finished-at="2024-08-26T17:34:37 IST" duration-ms="15759">
    <groups>
    </groups>
    <test started-at="2024-08-26T17:34:21 IST" name="Default test" finished-at="2024-08-26T17:34:37 IST" duration-ms="15759">
      <class name="APITest001.Test1">
        <test-method signature="getUsers()[pri:1, instance:APITest001.Test1@6ae5aa72]" started-at="2024-08-26T17:34:21 IST" name="getUsers" finished-at="2024-08-26T17:34:34 IST" duration-ms="12924" status="PASS">
          <reporter-output>
          </reporter-output>
        </test-method> <!-- getUsers -->
        <test-method signature="createUsers()[pri:2, instance:APITest001.Test1@6ae5aa72]" started-at="2024-08-26T17:34:34 IST" name="createUsers" finished-at="2024-08-26T17:34:36 IST" duration-ms="1545" status="PASS">
          <reporter-output>
          </reporter-output>
        </test-method> <!-- createUsers -->
        <test-method signature="deleteUsers()[pri:3, instance:APITest001.Test1@6ae5aa72]" started-at="2024-08-26T17:34:36 IST" name="deleteUsers" finished-at="2024-08-26T17:34:36 IST" depends-on-methods="APITest001.Test1.createUsers" duration-ms="507" status="PASS">
          <reporter-output>
          </reporter-output>
        </test-method> <!-- deleteUsers -->
        <test-method signature="updateUsers()[pri:3, instance:APITest001.Test1@6ae5aa72]" started-at="2024-08-26T17:34:36 IST" name="updateUsers" finished-at="2024-08-26T17:34:37 IST" depends-on-methods="APITest001.Test1.createUsers" duration-ms="603" status="PASS">
          <reporter-output>
          </reporter-output>
        </test-method> <!-- updateUsers -->
      </class> <!-- APITest001.Test1 -->
    </test> <!-- Default test -->
  </suite> <!-- Default suite -->
</testng-results>
